ventana
1.['Abertura practicada a cierta altura del suelo en un muro o pared que sirve para proporcionar iluminación y ventilación en el interior de un edificio; generalmente consta de un marco fijo que queda ajustado y asegurado en el hueco de albañilería, y de una o varias hojas, fijas o móviles, en las que se inserta el acristalamiento']
2.['Abertura de forma semejante en un objeto o un vehículo']
3.['Ventanilla de las fosas nasales']
4.['En imprenta, ausencia de impresión que se consigue mediante la interposición de un trozo de papel u otro cuerpo entre la forma y el pliego de la impresión']
5.['Área gráfica en la pantalla de la computadora delimitada para alguna función']
6.['En editores o procesadores de textos, bloque de líneas que se edita para su tratamiento o que ha sido seleccionado para realizar alguna operación']
ventana
historia
1.['Disciplina que estudia y expone, de acuerdo con determinados principios y métodos, los acontecimientos y hechos que pertenecen al tiempo pasado y que constituyen el desarrollo de la humanidad desde sus orígenes hasta el momento presente']
2.['Conjunto de estos acontecimientos y hechos, especialmente los vividos por una persona, por un grupo o por los miembros de una comunidad social']
3.['Narración o exposición ordenada y detallada de estos acontecimientos y hechos, así como de aquellos que están relacionados con algún aspecto de la actividad humana']
4.['Narración o relato de un acontecimiento o un hecho especialmente importante o curioso que alguien conoce o que le ha ocurrido en su vida']
5.['Conjunto de los acontecimientos ocurridos a una persona a lo largo de su vida o en un período de ella']
6.['Narración o relato, generalmente inventado, que pretende divertir o entretener']
7.['Comentario o noticia no verificada que circula entre la gente, generalmente de carácter negativo']
historia
tiempo
1.['Dimensión física que representa la sucesión de estados por los que pasa la materia']
2.['Período determinado durante el que se realiza una acción o se desarrolla un acontecimiento']
3.['Período con una duración indeterminada durante el que se realiza una acción o se desarrolla un acontecimiento']
4.['Período largo durante el que se realiza una acción o se desarrolla un acontecimiento']
5.['Período determinado en la historia de una civilización o de una sociedad al que se hace referencia aludiendo a un hecho histórico, un personaje o un movimiento cultural, económico o político que se ha desarrollado en él']
6.['Período del pasado caracterizado por una circunstancia']
7.['Período transcurrido desde la aparición de una cosa']
8.['Edad de un niño pequeño o de un cachorro de animal, en especial cuando se mide en días, semanas o meses']
9.['Período de tiempo del que se dispone para hacer algo']
10.['Momento adecuado para hacer algo']
11.['Fase de cierta actividad o proceso que se divide en fases sucesivas']
12.['Época del año o estación']
13.['Estado de la atmósfera en un período determinado y en un lugar concreto']
14.['Categoría gramatical del verbo que expresa el momento relativo en el que ocurre o se desarrolla la acción, el proceso o el estado']
15.['Conjunto de formas del verbo en el que se reúnen las que indican una misma expresión temporal']
16.['Parte de igual duración que otras en que se divide el compás']
17.['Parte en que se divide una composición musical']
18.['Velocidad con que se interpreta una composición musical']
19.['La existencia, historia como desarrollo del tiempo humano']
tiempo
disco
1.['Cuerpo plano y delgado con forma circular']
2.['Lámina circular de materia plástica en que están grabados sonidos que se reproducen con un aparato que la hace girar mientras una aguja pasa por los surcos y amplifica la señal']
3.['Elemento de almacenamiento de datos en forma magnética u óptica, constituido por una lámina delgada con forma circular']
4.['Placa de metal colocada en un lugar visible, en la que hay representada una señal de tráfico, especialmente si es circular']
5.['Señal luminosa de color rojo, verde o amarillo que utilizan los semáforos para ordenar el tráfico de vehículos']
6.['Objeto de forma lenticular que se emplea para competir en una prueba atlética de lanzamiento; tiene 2 kg de peso y 22 cm de diámetro para las pruebas masculinas y 1 kg y 18 cm para las femeninas']
7.['Modalidad atlética que consiste en lanzar este objeto lo más lejos posible; el lanzamiento se efectúa desde dentro de un círculo de 2,50 m de diámetro cuyos límites el atleta no puede sobrepasar']
8.['Explicación que se repite con insistencia y resulta pesada']
9.['Discoteca (establecimiento)']
10.['Formación fibrosa con forma de disco que separa dos vértebras y cuya función es favorecer la movilidad de las mismas']
disco
estar
1.['Se usa para atribuir al sujeto de la oración una cualidad o una característica no permanente o el resultado de una acción o proceso, que se expresan mediante un adjetivo, un participio o una oración equivalente']
2.['Existir de modo transitorio o permanente [alguien o algo] en un lugar, posición o situación determinados']
3.['Seguido de los adverbios bien o mal, se usa para expresar la calidad de [una cosa]']
4.['Realizar [una persona], de modo transitorio o permanente, la actividad o trabajo que se expresa']
5.['Apoyar a una persona o mostrarse de acuerdo con ella y defenderla ante una divergencia de opiniones o un enfrentamiento']
6.['Sentir [una persona] atracción por otra']
7.['Mantener una relación sentimental con alguien en un momento determinado']
8.['Seguido de un adverbio de modo, como bien o mal, o de una expresión equivalente, mantener [una persona] una buena o mala relación con otra']
9.['Tener el valor que se expresa en cierto momento']
10.['Se usa para situar a una persona en una fecha o época determinadas']
11.['Indica la situación o disposición de [una persona o una cosa] para algo']
12.['Tener [algo] base o causa en lo que se expresa']
13.['Permanecer en un lugar durante un tiempo determinado']
14.['Tardar el tiempo que se expresa en realizar una acción determinada']
15.['Permanecer en un lugar durante un tiempo determinado']
16.['Tardar el tiempo que se expresa en realizar una acción determinada']
estar
considerar
1.['Reflexionar con atención y detenimiento para formar una opinión sobre algo']
2.['Juzgar o tener un juicio u opinión sobre una persona o una cosa']
3.['Prestar atención a alguien o algo por sus buenas cualidades']
4.['Tratar con consideración o respeto a alguien']
considerar
maravilloso
1.['Que es extraordinariamente bueno, o que maravilla por alguna otra cualidad']
2.['Que no se puede explicar por las leyes de la naturaleza']
maravilloso
helado
1.['Que es extremadamente frío']
2.['Que está muy frío o se ha quedado muy frío']
3.['Que está muy sorprendido o asustado']
4.['Postre o golosina muy frío, dulce y cremoso, que se elabora con agua o leche, a veces huevos, azúcar y un ingrediente básico que lo distingue de otras variedades, como vainilla, chocolate, algún tipo de fruta, una esencia o un licor']
helado
golosina
1.['Producto comestible, generalmente dulce y de pequeño tamaño, que se suele picar a cualquier hora por su sabor agradable y no por su alimento']
golosina
picar
1.['Clavar algo puntiagudo a una persona o un animal, en especial [las aves] con el pico, [los pequeños reptiles] con los dientes o [los insectos] con el aguijón o la trompa']
2.['Morder una cosa o tomar la comida [las aves] con el pico']
3.['Cortar un alimento u otra cosa en trozos muy pequeños']
4.['Pinchar o atravesar ligeramente la superficie de una cosa con un instrumento punzante o puntiagudo']
5.['Marcar o taladrar [una máquina o una persona autorizada] el billete de un medio de transporte o la entrada de un espectáculo, para poder entrar o salir de un lugar o como medida de control']
6.['Hacer agujeros pequeños en el papel u otro material para estarcirlos y recortarlos']
7.['Golpear una superficie dura con un pico o una herramienta con punta para labrarla, arrancar partículas u otro fin']
8.['Morder [un pez] el anzuelo']
9.['Comer [una persona] algo en cantidades pequeñas y fuera de los horarios convencionales de las comidas']
10.['Golpear [un jinete] al caballo con las espuelas en los cuartos traseros']
11.['Golpear lateralmente la bola de billar con la punta del taco de manera que toma un movimiento giratorio que la hace desviarse de su trayectoria normal']
12.['Causar o producir caries']
13.['Clavar [el picador] desde el caballo la pica en el morrillo del toro']
14.['En el fútbol, hacer caer con fuerza la pelota de arriba hacia abajo, especialmente dándole con la cabeza']
15.['Hacer rebotar una pelota sobre una superficie']
16.['Ofender o enfadar a una persona con determinadas palabras o acciones']
17.['Hacer [una cosa o una persona] que alguien se interese por algo incitando o estimulando su amor propio, su orgullo y su interés']
18.['Robar [una persona] con habilidad algo que otra lleva consigo o cerca del cuerpo']
19.['Producir [un alimento picante] una sensación de ardor o quemor en el paladar']
20.['Causar [una cosa] picor o escozor en una parte del cuerpo']
21.['Hacerse sentir o notar [una parte del cuerpo] manifestando picor o escozor de manera que se siente la necesidad de rascarse']
22.['Caer [una persona] en un engaño o una trampa o dejarse convencer o atraer por una cosa']
23.['Calentar [el sol] con mucha intensidad']
24.['Descender [un ave o un avión] en línea casi perpendicular al suelo']
25.['Llamar a la puerta golpeando con los nudillos o pulsando el timbre']
26.['Interesar [algo] a una persona, despertándole la curiosidad o el orgullo']
27.['Hacer sonar una nota musical de manera muy clara y diferenciada para que su sonido no se junte con el de la nota siguiente']
28.['Agujerearse [una tela, la madera o algunos metales] a causa de los insectos o del clima']
29.['Estropearse [un alimento o una bebida]']
30.['Agitarse [el mar] formando olas pequeñas en la superficie a causa del viento']
31.['Inyectarse droga en la sangre']
picar
iota
1.['Nombre de la novena letra del alfabeto griego; se escribe Ι/ι']
iota
general
1.['Que es común a todos los individuos o casos de un conjunto o a la mayor parte de ellos']
2.['Que hace referencia a una cosa en todo su conjunto o a lo más característico de ella, sin entrar en detalles o especificaciones']
3.['Que es frecuente, usual o común']
4.['[persona] Que desempeña el cargo de mayor responsabilidad o autoridad en un organismo o una sección']
5.['Militar que pertenece a la categoría más alta, por encima de jefes, oficiales, suboficiales y tropa']
6.['Prelado superior de una orden religiosa']
general
dicotomia
1.['División de un concepto o una materia teórica en dos aspectos, especialmente cuando son opuestos o están muy diferenciados entre sí']
dicotomia
nube
1.['Masa visible suspendida en la atmósfera, de color y densidad variables, formada por la acumulación de partículas diminutas de agua, o de agua y hielo, como consecuencia de la condensación del vapor de agua atmosférico']
2.['Acumulación de partículas de polvo, humo u otras sustancias, que adquiere el aspecto de una nube y oscurece el sol o enturbia el ambiente']
3.['Acumulación o gran cantidad de personas, animales o cosas reunidas en un mismo lugar, especialmente si causan molestia']
4.['Mancha en una cosa transparente, especialmente en una piedra preciosa']
5.['Mancha pequeña y blanca que se forma en la parte externa de la córnea e impide o dificulta la visión']
6.['Cosa que oscurece la visión, ofusca la inteligencia o altera la serenidad']
7.['Espacio virtual al que se accede a través de internet en el que se guardan documentos y programas informáticos para que otros usuarios conectados a la misma red puedan acceder a ellos y usarlos']
nube
sátiro
1.['Ser de la mitología clásica que habitaba en los bosques, y que se representa con pequeños cuernos, el cuerpo cubierto de vello, rabo y las patas de macho cabrío']
2.['Hombre lascivo que tiene un exacerbado deseo sexual']
sátiro
vindicar
1.['Defender o exculpar a una persona injustamente atacada, especialmente por escrito']
2.['Vengar']
3.['Reivindicar']
vindicar
epígrafe
1.['Título o enunciado del contenido de un escrito o de parte de él']
2.['Frase o cita al comienzo de un escrito o capítulo que sugiere su contenido o expresa la idea o pensamiento que lo ha inspirado']
3.['Escrito breve grabado en piedra o metal hecho para recordar a alguien o algún acontecimiento']
epígrafe
librero
1.['Persona que tiene por oficio vender libros']
2.['Mueble con estantes en el que se colocan libros']
librero
nacer
1.['Salir [una persona o un animal vivíparo] del vientre de la madre']
2.['Salir [un animal ovíparo] del huevo']
3.['Salir [una planta] de su semilla o brotar del suelo']
4.['Salir [las hojas, las flores o los frutos] a una planta']
5.['Salir [el pelo] a una persona o animal, o [la pluma] a un animal']
6.['Brotar o surgir [una fuente o un río] en un lugar']
7.['Aparecer por el horizonte [un cuerpo celeste, en especial el Sol o la Luna]']
8.['Comenzar a tener existencia [una cosa]']
9.['Derivar o proceder [una cosa] de otra']
10.['Tener [una persona] una habilidad o capacidad especial para aquello que se indica']
11.['Iniciarse [una persona] en una actividad, normalmente artística o de ocio']
12.['Abrirse o deshilacharse [una tela o una prenda] por las costuras que tienen un borde escaso']
nacer
naranja
1.['Fruto del naranjo, comestible, de forma redonda, cáscara gruesa y rugosa y pulpa dividida en gajos, agridulce y muy jugosa']
2.['Color como el de este fruto o la zanahoria; es el segundo color del espectro solar']
3.['Color como el de este fruto o la zanahoria; es el segundo color del espectro solar']
4.['Que es de este color']
naranja
droga
1.['Sustancia natural, de origen vegetal o animal, o sintética, que se emplea en química o en tintorería, o en farmacia y medicina']
2.['Sustancia que se utiliza con la intención de actuar sobre el sistema nervioso con el fin de potenciar el desarrollo físico o intelectual, de alterar el estado de ánimo o de experimentar nuevas sensaciones, y cuyo consumo reiterado puede crear dependencia o puede tener efectos secundarios indeseados']
3.['Cosa por la que se tiene gran afición, a la que se le dedica mucho tiempo y esfuerzo y de la cual es difícil prescindir']
4.['Obligación que tiene una persona de pagar o devolver una cosa, generalmente dinero']
droga
mecenas
1.['Persona o fundación rica y poderosa que protege a los artistas y adquiere o promueve sus obras']
mecenas
prisión
1.['Lugar en el que se custodia a los condenados o a los presuntos culpables de un delito']
2.['Pena de privación de libertad que es inferior a la reclusión y superior a la de arresto']
3.['Cosa que ata o detiene física o espiritualmente']
4.['Cadenas, grilletes o cualquier instrumento para sujetar a los presos']
prisión
sinsabor
1.['Sentimiento de pesar o disgusto que afecta a una persona']
sinsabor
Correaje
1.['Conjunto de correas que forman parte de una cosa, en especial de un uniforme militar']
Correaje
espacial
1.['Del espacio o relacionado con él']
2.['Que está o se desarrolla en el espacio']
espacial
pechuga
1.['Pecho de las aves']
2.['Cada una de las dos partes simétricas que forman el pecho de las aves']
3.['Pecho de una persona, especialmente la parte que asoma por el escote']
pechuga
convención
1.['Acuerdo entre personas, empresas, instituciones o países']
2.['Norma o práctica aceptada socialmente por un acuerdo general o por la costumbre']
3.['Reunión general de asociaciones o agrupaciones de diversa índole para tratar algún tema, poner en marcha una campaña o elegir a sus representantes']
convención
látigo
1.['Instrumento que consiste en una tira larga y flexible, de cuerda o cuero, unida por un extremo a una vara por donde se sujeta; se hace restallar para hacer obedecer a los animales, o se lanza y se recoge a gran velocidad para castigarlos hiriéndolos con la punta']
2.['Atracción de feria que consiste en una serie de coches o vagonetas, unidos manteniendo cierta distancia entre sí, que, impulsados eléctricamente, recorren un circuito en el que hay curvas, en las cuales se producen fuertes sacudidas al aumentar la velocidad']
3.['Cuerda o correa que sirve para asegurar la cincha de los aparejos de animales']
látigo
reencuentro
1.['Nuevo encuentro entre dos o más personas o cosas']
reencuentro
jornada
1.['Tiempo que se dedica al trabajo en un día o en una semana']
2.['Día, especialmente considerado por lo que ocurre en él desde la mañana a la noche o por la actividad a la que se dedica']
3.['Parte de una actividad, especialmente de una competición deportiva, que se celebra durante un período determinado, generalmente durante un día']
4.['Distancia que se recorre en un día de viaje']
5.['Cada uno de los actos en que se dividía una obra de teatro clásico español y que generalmente abarcaba un día en la vida de los personajes']
6.['Episodio de una novela o de una película']
7.['Conjunto de días dedicados a diferentes actos, como reuniones, cursos, conferencias, etc., generalmente de carácter monográfico']
jornada
Comodidad
1.['Cualidad de cómodo']
2.['Cosa (normalmente material) que hace la vida más fácil, hace sentirse cómodo o facilita la estancia en un lugar o la realización de ciertas tareas']
Comodidad
forzado
1.['[acción] Que se hace con gran esfuerzo, sin comodidad ni naturalidad']
2.['Forzoso']
3.['Reo que cumple trabajos forzados']
forzado
omiso
1.["Palabra que se utiliza en la frase hacer caso omiso, que significa 'no hacer caso de algo'"]
omiso
Riqueza
1.['Conjunto de las cosas que se poseen, especialmente dinero, bienes o cosas valiosas']
2.['Cosa de gran valor']
3.['Abundancia de dinero, bienes materiales o cosas valiosas']
4.['Abundancia de cualidades excepcionales']
5.['Abundancia de cualquier cosa']
Riqueza
Alzar
1.['Poner una cosa o a una persona en una posición alta o más alta de la que tenía']
2.['Poner derecho o en posición vertical lo que está caído o tumbado']
3.['Dirigir una cosa hacia arriba']
4.['Construir un edificio, un monumento u otra obra de construcción']
5.['Establecer o fundar una cosa, especialmente un organismo de carácter benéfico, social o cultural']
6.['Aumentar la intensidad de una cosa, especialmente de la voz']
7.['Aumentar el precio o el valor de una cosa']
8.['Poner fin a una pena, un castigo o una prohibición [una persona autorizada para ello], antes de que transcurra el tiempo inicialmente marcado para su cumplimiento']
9.['Sublevar, rebelar o amotinar a alguien contra algo, especialmente contra una autoridad']
10.['Quitar una cosa del lugar en que está']
11.['Recoger algo que está extendido para guardarlo']
12.['Hacer que un animal salga del lugar donde se esconde para cazarlo']
13.['En imprenta, poner en rueda todos los pliegos de una obra, sacándolos uno a uno para ordenarlos, de forma que cada ejemplar tenga los pliegos que le corresponden y pueda procederse fácilmente a su encuadernación']
14.['En los juegos de naipes, cortar la baraja']
15.['Arar la tierra por primera vez después de recoger la cosecha']
16.['Ponerse en pie']
17.['Sobresalir una cosa en altura sobre las demás cosas que hay alrededor']
18.['Estar en cierto sitio o lugar una cosa alta']
19.['Apelar o recurrir a un juez o tribunal superior']
20.['Quebrar un comerciante de forma fraudulenta, especialmente ocultando fondos o ausentándose con ellos']
21.['Apoderarse alguien de algo indebidamente y marcharse con ello']
22.['Fugarse [un animal doméstico] al campo o al monte y hacerse montaraz']
Alzar
fusión
1.['Paso de un cuerpo del estado sólido al líquido por la acción del calor']
2.['Unión de dos o más cosas diferentes formando una sola; especialmente ideas, intereses o agrupaciones']
fusión
circa
1.['Hacia, aproximadamente; se usa siempre precediendo a fechas']
circa
faquín
1.['Mozo que se encargaba de llevar bultos o recados de un lugar a otro y que solía colocarse en determinados lugares públicos donde se acudía a contratarlo']
faquín
ganapan
1.['Mozo que se encargaba de llevar bultos o recados de un lugar a otro y que solía colocarse en determinados lugares públicos a donde se acudía a contratarlo']
2.['Hombre rudo y tosco']
3.['Hombre que, a causa de no poseer nada, se ve obligado a aceptar cualquier trabajo que le dan']
ganapan
plastrón
1.['Corbata muy ancha que cubre el centro de la pechera de la camisa']
plastrón
reyerta
1.['Riña o enfrentamiento en que los rivales se agreden físicamente, generalmente utilizando navajas u otras armas blancas']
reyerta
sudestada
1.['Viento fuerte, con lluvia persistente, que viene del sudeste y generalmente provoca la crecida del Río de la Plata']
sudestada
acre
1.['Medida agraria de superficie del sistema anglosajón que equivale a 4 046 metros cuadrados o 40,46 áreas']
2.['[sabor, olor] Que es áspero y penetrante']
3.['Que tiene un sabor o un olor acre']
4.['Que es rudo, áspero o poco agradable']
acre
apostasía
1.['Renuncia que hace una persona de sus creencias religiosas o políticas y abandono de su religión o del partido político al que pertenecía']
2.['Abandono del estado sacerdotal por parte de un sacerdote o de la vida religiosa por parte de un religioso profeso']
apostasía
beodo
1.['Que tiene alteradas temporalmente las capacidades físicas y mentales por un consumo excesivo de alcohol']
2.['Que bebe alcohol de forma habitual y en exceso']
3.['Que tiene alteradas temporalmente las capacidades físicas y mentales por un consumo excesivo de alcohol']
4.['Que bebe alcohol de forma habitual y en exceso']
beodo
facundia
1.['Abundancia y facilidad de palabra']
facundia
hebdomadario
1.['[publicación] Que aparece cada semana']
2.['Periódico o publicación que aparece cada semana']
hebdomadario
hollar
1.['Pisar una superficie o un lugar']
2.['Maltratar o profanar un lugar']
3.['Comprimir o apretar una cosa con los pies']
hollar
levita
1.['Israelita de la tribu de Leví, dedicado al servicio del templo']
2.['Israelita de la tribu de Leví, dedicado al servicio del templo']
3.['Chaqueta masculina con solapas, larga hasta las rodillas, entallada de cuerpo y amplia de faldones']
levita
malhadado
1.['[persona] Que sufre una desgracia o tiene mal hado, mala suerte']
2.['[cosa] Que es causa de desgracia, va acompañado de ella o la constituye']
3.['[persona] Que sufre una desgracia o tiene mal hado, mala suerte']
malhadado
mesar
1.['Arrancar o estrujar el cabello o la barba con las manos']
mesar
tisis
1.['Tuberculosis que afecta a los pulmones']
tisis
alfeñique
1.['Persona de aspecto delicado y constitución física débil']
alfeñique
